<?xml version="1.0" encoding="UTF-8" ?>
<testsuite tests="2" failures="0" name="LoginActionTest" time="12.88" errors="2" skipped="0">
    <properties>
        <property name="idea.version" value="2018.3.1"/>
        <property name="java.runtime.name" value="Java(TM) SE Runtime Environment"/>
        <property name="sun.boot.library.path" value="C:\Program Files\Java\jdk1.8.0_131\jre\bin"/>
        <property name="java.vm.version" value="25.131-b11"/>
        <property name="java.vm.vendor" value="Oracle Corporation"/>
        <property name="maven.multiModuleProjectDirectory"
                  value="C:\crazymakercircleJava\crazyIM20190310\crazy_tourist_circle__im"/>
        <property name="java.vendor.url" value="http://java.oracle.com/"/>
        <property name="path.separator" value=";"/>
        <property name="guice.disable.misplaced.annotation.check" value="true"/>
        <property name="java.vm.name" value="Java HotSpot(TM) 64-Bit Server VM"/>
        <property name="file.encoding.pkg" value="sun.io"/>
        <property name="user.script" value=""/>
        <property name="user.country" value="CN"/>
        <property name="sun.java.launcher" value="SUN_STANDARD"/>
        <property name="sun.os.patch.level" value=""/>
        <property name="java.vm.specification.name" value="Java Virtual Machine Specification"/>
        <property name="user.dir" value="C:\crazymakercircleJava\crazyIM20190310\crazy_tourist_circle__im"/>
        <property name="java.runtime.version" value="1.8.0_131-b11"/>
        <property name="java.awt.graphicsenv" value="sun.awt.Win32GraphicsEnvironment"/>
        <property name="java.endorsed.dirs" value="C:\Program Files\Java\jdk1.8.0_131\jre\lib\endorsed"/>
        <property name="os.arch" value="amd64"/>
        <property name="java.io.tmpdir" value="C:\Users\qinglin\AppData\Local\Temp\"/>
        <property name="line.separator" value="
"/>
        <property name="java.vm.specification.vendor" value="Oracle Corporation"/>
        <property name="user.variant" value=""/>
        <property name="os.name" value="Windows 10"/>
        <property name="classworlds.conf"
                  value="C:\Program Files\JetBrains\IntelliJ IDEA Community Edition 2018.3.1\plugins\maven\lib\maven3\bin\m2.conf"/>
        <property name="sun.jnu.encoding" value="GBK"/>
        <property name="java.library.path"
                  value="C:\Program Files\Java\jdk1.8.0_131\bin;C:\WINDOWS\Sun\Java\bin;C:\WINDOWS\system32;C:\WINDOWS;C:\ProgramData\Oracle\Java\javapath;C:\Program Files (x86)\Intel\iCLS Client\;C:\Program Files\Intel\iCLS Client\;C:\WINDOWS\system32;C:\WINDOWS;C:\WINDOWS\System32\Wbem;C:\WINDOWS\System32\WindowsPowerShell\v1.0\;C:\Program Files\Intel\Intel(R) Management Engine Components\DAL;C:\Program Files\Intel\Intel(R) Management Engine Components\IPT;C:\Program Files (x86)\Intel\Intel(R) Management Engine Components\DAL;C:\Program Files (x86)\Intel\Intel(R) Management Engine Components\IPT;C:\ProgramData\Lenovo\ReadyApps;C:\developing\Java\jdk1.8.0_73\bin;f:\ffmpeg\bin;C:\Program Files\Java\jdk1.8.0_131bin;C:\WINDOWS\System32\OpenSSH\;D:\Program Files\TortoiseSVN\bin;D:\Program Files\TortoiseGit\bin;d:\Program Files\Git\cmd;C:\devtools\protoc-2.6.1-win32;C:\Program Files\Intel\WiFi\bin\;C:\Program Files\Common Files\Intel\WirelessCommon\;C:\Program Files\Intel\WiFi\bin\;C:\Program Files\Common Files\Intel\WirelessCommon\;C:\Users\qinglin\AppData\Local\Microsoft\WindowsApps;E:\Program Files (x86)\Graphviz2.38\bin;C:\devtools\apache-maven-3.5.3-bin\apache-maven-3.5.3\bin;;."/>
        <property name="java.specification.name" value="Java Platform API Specification"/>
        <property name="java.class.version" value="52.0"/>
        <property name="sun.management.compiler" value="HotSpot 64-Bit Tiered Compilers"/>
        <property name="os.version" value="10.0"/>
        <property name="user.home" value="C:\Users\qinglin"/>
        <property name="user.timezone" value="Asia/Shanghai"/>
        <property name="java.awt.printerjob" value="sun.awt.windows.WPrinterJob"/>
        <property name="java.specification.version" value="1.8"/>
        <property name="file.encoding" value="UTF-8"/>
        <property name="user.name" value="qinglin"/>
        <property name="java.class.path"
                  value="C:\Program Files\JetBrains\IntelliJ IDEA Community Edition 2018.3.1\plugins\maven\lib\maven3\boot\plexus-classworlds-2.5.2.jar;C:\Program Files\JetBrains\IntelliJ IDEA Community Edition 2018.3.1\lib\idea_rt.jar"/>
        <property name="java.vm.specification.version" value="1.8"/>
        <property name="sun.arch.data.model" value="64"/>
        <property name="java.home" value="C:\Program Files\Java\jdk1.8.0_131\jre"/>
        <property name="sun.java.command" value="org.codehaus.classworlds.Launcher -Didea.version=2018.3.1 install"/>
        <property name="java.specification.vendor" value="Oracle Corporation"/>
        <property name="user.language" value="zh"/>
        <property name="awt.toolkit" value="sun.awt.windows.WToolkit"/>
        <property name="java.vm.info" value="mixed mode"/>
        <property name="java.version" value="1.8.0_131"/>
        <property name="java.ext.dirs"
                  value="C:\Program Files\Java\jdk1.8.0_131\jre\lib\ext;C:\WINDOWS\Sun\Java\lib\ext"/>
        <property name="sun.boot.class.path"
                  value="C:\Program Files\Java\jdk1.8.0_131\jre\lib\resources.jar;C:\Program Files\Java\jdk1.8.0_131\jre\lib\rt.jar;C:\Program Files\Java\jdk1.8.0_131\jre\lib\sunrsasign.jar;C:\Program Files\Java\jdk1.8.0_131\jre\lib\jsse.jar;C:\Program Files\Java\jdk1.8.0_131\jre\lib\jce.jar;C:\Program Files\Java\jdk1.8.0_131\jre\lib\charsets.jar;C:\Program Files\Java\jdk1.8.0_131\jre\lib\jfr.jar;C:\Program Files\Java\jdk1.8.0_131\jre\classes"/>
        <property name="java.vendor" value="Oracle Corporation"/>
        <property name="maven.home"
                  value="C:\Program Files\JetBrains\IntelliJ IDEA Community Edition 2018.3.1\plugins\maven\lib\maven3"/>
        <property name="file.separator" value="\"/>
        <property name="java.vendor.url.bug" value="http://bugreport.sun.com/bugreport/"/>
        <property name="sun.cpu.endian" value="little"/>
        <property name="sun.io.unicode.encoding" value="UnicodeLittle"/>
        <property name="sun.desktop" value="windows"/>
        <property name="sun.cpu.isalist" value="amd64"/>
    </properties>
    <testcase classname="LoginActionTest" name="testLogin" time="6.646">
        <error message="Connection refused: connect executing GET http://localhost:8080/user/login/zhangsan/zhangsan"
               type="feign.RetryableException">feign.RetryableException: Connection refused: connect executing GET
            http://localhost:8080/user/login/zhangsan/zhangsan
            at feign.FeignException.errorExecuting(FeignException.java:67)
            at feign.SynchronousMethodHandler.executeAndDecode(SynchronousMethodHandler.java:104)
            at feign.SynchronousMethodHandler.invoke(SynchronousMethodHandler.java:76)
            at feign.ReflectiveFeign$FeignInvocationHandler.invoke(ReflectiveFeign.java:103)
            at com.sun.proxy.$Proxy6.loginAction(Unknown Source)
            at LoginActionTest.testLogin(LoginActionTest.java:35)
            at sun.reflect.NativeMethodAccessorImpl.invoke0(Native Method)
            at sun.reflect.NativeMethodAccessorImpl.invoke(NativeMethodAccessorImpl.java:62)
            at sun.reflect.DelegatingMethodAccessorImpl.invoke(DelegatingMethodAccessorImpl.java:43)
            at java.lang.reflect.Method.invoke(Method.java:498)
            at org.junit.runners.model.FrameworkMethod$1.runReflectiveCall(FrameworkMethod.java:50)
            at org.junit.internal.runners.model.ReflectiveCallable.run(ReflectiveCallable.java:12)
            at org.junit.runners.model.FrameworkMethod.invokeExplosively(FrameworkMethod.java:47)
            at org.junit.internal.runners.statements.InvokeMethod.evaluate(InvokeMethod.java:17)
            at org.junit.runners.ParentRunner.runLeaf(ParentRunner.java:325)
            at org.junit.runners.BlockJUnit4ClassRunner.runChild(BlockJUnit4ClassRunner.java:78)
            at org.junit.runners.BlockJUnit4ClassRunner.runChild(BlockJUnit4ClassRunner.java:57)
            at org.junit.runners.ParentRunner$3.run(ParentRunner.java:290)
            at org.junit.runners.ParentRunner$1.schedule(ParentRunner.java:71)
            at org.junit.runners.ParentRunner.runChildren(ParentRunner.java:288)
            at org.junit.runners.ParentRunner.access$000(ParentRunner.java:58)
            at org.junit.runners.ParentRunner$2.evaluate(ParentRunner.java:268)
            at org.junit.runners.ParentRunner.run(ParentRunner.java:363)
            at org.apache.maven.surefire.junit4.JUnit4Provider.execute(JUnit4Provider.java:252)
            at org.apache.maven.surefire.junit4.JUnit4Provider.executeTestSet(JUnit4Provider.java:141)
            at org.apache.maven.surefire.junit4.JUnit4Provider.invoke(JUnit4Provider.java:112)
            at sun.reflect.NativeMethodAccessorImpl.invoke0(Native Method)
            at sun.reflect.NativeMethodAccessorImpl.invoke(NativeMethodAccessorImpl.java:62)
            at sun.reflect.DelegatingMethodAccessorImpl.invoke(DelegatingMethodAccessorImpl.java:43)
            at java.lang.reflect.Method.invoke(Method.java:498)
            at org.apache.maven.surefire.util.ReflectionUtils.invokeMethodWithArray(ReflectionUtils.java:189)
            at org.apache.maven.surefire.booter.ProviderFactory$ProviderProxy.invoke(ProviderFactory.java:165)
            at org.apache.maven.surefire.booter.ProviderFactory.invokeProvider(ProviderFactory.java:85)
            at org.apache.maven.surefire.booter.ForkedBooter.runSuitesInProcess(ForkedBooter.java:115)
            at org.apache.maven.surefire.booter.ForkedBooter.main(ForkedBooter.java:75)
            Caused by: java.net.ConnectException: Connection refused: connect
            at java.net.DualStackPlainSocketImpl.waitForConnect(Native Method)
            at java.net.DualStackPlainSocketImpl.socketConnect(DualStackPlainSocketImpl.java:85)
            at java.net.AbstractPlainSocketImpl.doConnect(AbstractPlainSocketImpl.java:350)
            at java.net.AbstractPlainSocketImpl.connectToAddress(AbstractPlainSocketImpl.java:206)
            at java.net.AbstractPlainSocketImpl.connect(AbstractPlainSocketImpl.java:188)
            at java.net.PlainSocketImpl.connect(PlainSocketImpl.java:172)
            at java.net.SocksSocketImpl.connect(SocksSocketImpl.java:392)
            at java.net.Socket.connect(Socket.java:589)
            at sun.net.NetworkClient.doConnect(NetworkClient.java:175)
            at sun.net.www.http.HttpClient.openServer(HttpClient.java:463)
            at sun.net.www.http.HttpClient.openServer(HttpClient.java:558)
            at sun.net.www.http.HttpClient.&lt;init&gt;(HttpClient.java:242)
            at sun.net.www.http.HttpClient.New(HttpClient.java:339)
            at sun.net.www.http.HttpClient.New(HttpClient.java:357)
            at sun.net.www.protocol.http.HttpURLConnection.getNewHttpClient(HttpURLConnection.java:1202)
            at sun.net.www.protocol.http.HttpURLConnection.plainConnect0(HttpURLConnection.java:1138)
            at sun.net.www.protocol.http.HttpURLConnection.plainConnect(HttpURLConnection.java:1032)
            at sun.net.www.protocol.http.HttpURLConnection.connect(HttpURLConnection.java:966)
            at sun.net.www.protocol.http.HttpURLConnection.getInputStream0(HttpURLConnection.java:1546)
            at sun.net.www.protocol.http.HttpURLConnection.getInputStream(HttpURLConnection.java:1474)
            at java.net.HttpURLConnection.getResponseCode(HttpURLConnection.java:480)
            at feign.Client$Default.convertResponse(Client.java:152)
            at feign.Client$Default.execute(Client.java:74)
            at feign.SynchronousMethodHandler.executeAndDecode(SynchronousMethodHandler.java:97)
            ... 33 more
        </error>
    </testcase>
    <testcase classname="LoginActionTest" name="testGetById" time="6.234">
        <error message="Connection refused: connect executing GET http://localhost:8080/user/2"
               type="feign.RetryableException">feign.RetryableException: Connection refused: connect executing GET
            http://localhost:8080/user/2
            at feign.FeignException.errorExecuting(FeignException.java:67)
            at feign.SynchronousMethodHandler.executeAndDecode(SynchronousMethodHandler.java:104)
            at feign.SynchronousMethodHandler.invoke(SynchronousMethodHandler.java:76)
            at feign.ReflectiveFeign$FeignInvocationHandler.invoke(ReflectiveFeign.java:103)
            at com.sun.proxy.$Proxy6.getById(Unknown Source)
            at LoginActionTest.testGetById(LoginActionTest.java:57)
            at sun.reflect.NativeMethodAccessorImpl.invoke0(Native Method)
            at sun.reflect.NativeMethodAccessorImpl.invoke(NativeMethodAccessorImpl.java:62)
            at sun.reflect.DelegatingMethodAccessorImpl.invoke(DelegatingMethodAccessorImpl.java:43)
            at java.lang.reflect.Method.invoke(Method.java:498)
            at org.junit.runners.model.FrameworkMethod$1.runReflectiveCall(FrameworkMethod.java:50)
            at org.junit.internal.runners.model.ReflectiveCallable.run(ReflectiveCallable.java:12)
            at org.junit.runners.model.FrameworkMethod.invokeExplosively(FrameworkMethod.java:47)
            at org.junit.internal.runners.statements.InvokeMethod.evaluate(InvokeMethod.java:17)
            at org.junit.runners.ParentRunner.runLeaf(ParentRunner.java:325)
            at org.junit.runners.BlockJUnit4ClassRunner.runChild(BlockJUnit4ClassRunner.java:78)
            at org.junit.runners.BlockJUnit4ClassRunner.runChild(BlockJUnit4ClassRunner.java:57)
            at org.junit.runners.ParentRunner$3.run(ParentRunner.java:290)
            at org.junit.runners.ParentRunner$1.schedule(ParentRunner.java:71)
            at org.junit.runners.ParentRunner.runChildren(ParentRunner.java:288)
            at org.junit.runners.ParentRunner.access$000(ParentRunner.java:58)
            at org.junit.runners.ParentRunner$2.evaluate(ParentRunner.java:268)
            at org.junit.runners.ParentRunner.run(ParentRunner.java:363)
            at org.apache.maven.surefire.junit4.JUnit4Provider.execute(JUnit4Provider.java:252)
            at org.apache.maven.surefire.junit4.JUnit4Provider.executeTestSet(JUnit4Provider.java:141)
            at org.apache.maven.surefire.junit4.JUnit4Provider.invoke(JUnit4Provider.java:112)
            at sun.reflect.NativeMethodAccessorImpl.invoke0(Native Method)
            at sun.reflect.NativeMethodAccessorImpl.invoke(NativeMethodAccessorImpl.java:62)
            at sun.reflect.DelegatingMethodAccessorImpl.invoke(DelegatingMethodAccessorImpl.java:43)
            at java.lang.reflect.Method.invoke(Method.java:498)
            at org.apache.maven.surefire.util.ReflectionUtils.invokeMethodWithArray(ReflectionUtils.java:189)
            at org.apache.maven.surefire.booter.ProviderFactory$ProviderProxy.invoke(ProviderFactory.java:165)
            at org.apache.maven.surefire.booter.ProviderFactory.invokeProvider(ProviderFactory.java:85)
            at org.apache.maven.surefire.booter.ForkedBooter.runSuitesInProcess(ForkedBooter.java:115)
            at org.apache.maven.surefire.booter.ForkedBooter.main(ForkedBooter.java:75)
            Caused by: java.net.ConnectException: Connection refused: connect
            at java.net.DualStackPlainSocketImpl.waitForConnect(Native Method)
            at java.net.DualStackPlainSocketImpl.socketConnect(DualStackPlainSocketImpl.java:85)
            at java.net.AbstractPlainSocketImpl.doConnect(AbstractPlainSocketImpl.java:350)
            at java.net.AbstractPlainSocketImpl.connectToAddress(AbstractPlainSocketImpl.java:206)
            at java.net.AbstractPlainSocketImpl.connect(AbstractPlainSocketImpl.java:188)
            at java.net.PlainSocketImpl.connect(PlainSocketImpl.java:172)
            at java.net.SocksSocketImpl.connect(SocksSocketImpl.java:392)
            at java.net.Socket.connect(Socket.java:589)
            at sun.net.NetworkClient.doConnect(NetworkClient.java:175)
            at sun.net.www.http.HttpClient.openServer(HttpClient.java:463)
            at sun.net.www.http.HttpClient.openServer(HttpClient.java:558)
            at sun.net.www.http.HttpClient.&lt;init&gt;(HttpClient.java:242)
            at sun.net.www.http.HttpClient.New(HttpClient.java:339)
            at sun.net.www.http.HttpClient.New(HttpClient.java:357)
            at sun.net.www.protocol.http.HttpURLConnection.getNewHttpClient(HttpURLConnection.java:1202)
            at sun.net.www.protocol.http.HttpURLConnection.plainConnect0(HttpURLConnection.java:1138)
            at sun.net.www.protocol.http.HttpURLConnection.plainConnect(HttpURLConnection.java:1032)
            at sun.net.www.protocol.http.HttpURLConnection.connect(HttpURLConnection.java:966)
            at sun.net.www.protocol.http.HttpURLConnection.getInputStream0(HttpURLConnection.java:1546)
            at sun.net.www.protocol.http.HttpURLConnection.getInputStream(HttpURLConnection.java:1474)
            at java.net.HttpURLConnection.getResponseCode(HttpURLConnection.java:480)
            at feign.Client$Default.convertResponse(Client.java:152)
            at feign.Client$Default.execute(Client.java:74)
            at feign.SynchronousMethodHandler.executeAndDecode(SynchronousMethodHandler.java:97)
            ... 33 more
        </error>
    </testcase>
</testsuite>